<?xml version="1.0" encoding="UTF-8"?>
<!-- Generated by org.testng.reporters.JUnitReportReporter -->
<testsuite hostname="Gerardos-MBP.huawei.net" failures="0" tests="1" name="com.unosquare.test.FirstAPITest" time="0.890" errors="0" timestamp="2022-08-17T16:08:58 CDT" skipped="0">
  <testcase classname="com.unosquare.test.FirstAPITest" name="f_HttpObjects" time="0.890"/>
  <system-out>
    <![CDATA[{
    "data": {
        "id": 2,
        "email": "janet.weaver@reqres.in",
        "first_name": "Janet",
        "last_name": "Weaver",
        "avatar": "https://reqres.in/img/faces/2-image.jpg"
    },
    "support": {
        "url": "https://reqres.in/#support-heading",
        "text": "To keep ReqRes free, contributions towards server costs are appreciated!"
    }
}
200
Sucess 200 validation]]>
  </system-out>
</testsuite> <!-- com.unosquare.test.FirstAPITest -->
