<?xml version="1.0" encoding="UTF-8"?>
<!-- Generated by org.testng.reporters.JUnitReportReporter -->
<testsuite hostname="Gerardos-MBP.huawei.net" failures="0" tests="1" name="com.unosquare.FirstAPITest" time="1.061" errors="0" timestamp="2022-08-15T16:28:40 CDT" skipped="0">
  <testcase classname="com.unosquare.FirstAPITest" name="f_HttpObjects" time="1.061"/>
  <system-out>
    <![CDATA[Sucess 200 validation]]>
  </system-out>
</testsuite> <!-- com.unosquare.FirstAPITest -->
