<?xml version="1.0" encoding="UTF-8"?>
<!-- Generated by org.testng.reporters.JUnitReportReporter -->
<testsuite hostname="Gerardos-MBP.huawei.net" failures="0" tests="1" name="com.unosquare.FirstAPITest" time="1.377" errors="0" timestamp="2022-08-16T10:05:05 CDT" skipped="0">
  <testcase classname="com.unosquare.FirstAPITest" name="f_RegisterRequest" time="1.377"/>
  <system-out>
    <![CDATA[{
    "id": 4,
    "token": "QpwL5tke4Pnpja7X4"
}
200
{"password":"cityslicka","email":"eve.holt@reqres.in"}
https://reqres.in/api/register]]>
  </system-out>
</testsuite> <!-- com.unosquare.FirstAPITest -->
